<?xml version="1.0" encoding="UTF-8"?>
<testng-results ignored="0" total="5" passed="4" failed="1" skipped="0">
  <reporter-output>
  </reporter-output>
  <suite started-at="2024-08-18T17:49:25 IST" name="Default suite" finished-at="2024-08-18T17:51:21 IST" duration-ms="116605">
    <groups>
      <group name="@regression">
        <method signature="LoginTestScript.verifyLogin(java.lang.String,java.lang.String,java.lang.String)[pri:2, instance:com.in2it.cats_itsm.testscript.LoginTestScript@7ce69770]" name="verifyLogin" class="com.in2it.cats_itsm.testscript.LoginTestScript"/>
      </group> <!-- @regression -->
    </groups>
    <test started-at="2024-08-18T17:49:25 IST" name="Default test" finished-at="2024-08-18T17:51:21 IST" duration-ms="116605">
      <class name="com.in2it.cats_itsm.testscript.LoginTestScript">
        <test-method is-config="true" signature="initExtentReport()[pri:0, instance:com.in2it.cats_itsm.testscript.LoginTestScript@7ce69770]" started-at="2024-08-18T17:49:24 IST" name="initExtentReport" finished-at="2024-08-18T17:49:25 IST" duration-ms="596" status="PASS">
          <reporter-output>
          </reporter-output>
        </test-method> <!-- initExtentReport -->
        <test-method is-config="true" signature="setup()[pri:0, instance:com.in2it.cats_itsm.testscript.LoginTestScript@7ce69770]" started-at="2024-08-18T17:49:25 IST" name="setup" finished-at="2024-08-18T17:49:50 IST" duration-ms="24820" status="PASS">
          <reporter-output>
          </reporter-output>
        </test-method> <!-- setup -->
        <test-method is-config="true" signature="beforeMethod_Setup(java.lang.reflect.Method)[pri:0, instance:com.in2it.cats_itsm.testscript.LoginTestScript@7ce69770]" started-at="2024-08-18T17:49:52 IST" name="beforeMethod_Setup" finished-at="2024-08-18T17:49:52 IST" duration-ms="17" status="PASS">
          <params>
            <param index="0">
              <value>
                <![CDATA[public void com.in2it.cats_itsm.testscript.LoginTestScript.verifyLogin(java.lang.String,java.lang.String,java.lang.String)]]>
              </value>
            </param>
          </params>
          <reporter-output>
          </reporter-output>
        </test-method> <!-- beforeMethod_Setup -->
        <test-method signature="verifyLogin(java.lang.String,java.lang.String,java.lang.String)[pri:2, instance:com.in2it.cats_itsm.testscript.LoginTestScript@7ce69770]" started-at="2024-08-18T17:49:52 IST" name="verifyLogin" data-provider="Data" finished-at="2024-08-18T17:50:28 IST" duration-ms="36726" status="PASS">
          <params>
            <param index="0">
              <value>
                <![CDATA[ajeet]]>
              </value>
            </param>
            <param index="1">
              <value>
                <![CDATA[Admin@2024]]>
              </value>
            </param>
            <param index="2">
              <value>
                <![CDATA[valid]]>
              </value>
            </param>
          </params>
          <reporter-output>
          </reporter-output>
        </test-method> <!-- verifyLogin -->
        <test-method is-config="true" signature="afterMethod_teardown(org.testng.ITestResult)[pri:0, instance:com.in2it.cats_itsm.testscript.LoginTestScript@7ce69770]" started-at="2024-08-18T17:50:28 IST" name="afterMethod_teardown" finished-at="2024-08-18T17:50:29 IST" duration-ms="705" status="PASS">
          <params>
            <param index="0">
              <value>
                <![CDATA[[TestResult name=verifyLogin status=SUCCESS method=LoginTestScript.verifyLogin(java.lang.String,java.lang.String,java.lang.String)[pri:2, instance:com.in2it.cats_itsm.testscript.LoginTestScript@7ce69770] output={null}]]]>
              </value>
            </param>
          </params>
          <reporter-output>
          </reporter-output>
        </test-method> <!-- afterMethod_teardown -->
        <test-method signature="verifyLogin(java.lang.String,java.lang.String,java.lang.String)[pri:2, instance:com.in2it.cats_itsm.testscript.LoginTestScript@7ce69770]" started-at="2024-08-18T17:50:29 IST" name="verifyLogin" data-provider="Data" finished-at="2024-08-18T17:50:32 IST" duration-ms="2419" status="PASS">
          <params>
            <param index="0">
              <value>
                <![CDATA[ajeet]]>
              </value>
            </param>
            <param index="1">
              <value>
                <![CDATA[Ajeet@123]]>
              </value>
            </param>
            <param index="2">
              <value>
                <![CDATA[invalid]]>
              </value>
            </param>
          </params>
          <reporter-output>
          </reporter-output>
        </test-method> <!-- verifyLogin -->
        <test-method is-config="true" signature="beforeMethod_Setup(java.lang.reflect.Method)[pri:0, instance:com.in2it.cats_itsm.testscript.LoginTestScript@7ce69770]" started-at="2024-08-18T17:50:29 IST" name="beforeMethod_Setup" finished-at="2024-08-18T17:50:29 IST" duration-ms="0" status="PASS">
          <params>
            <param index="0">
              <value>
                <![CDATA[public void com.in2it.cats_itsm.testscript.LoginTestScript.verifyLogin(java.lang.String,java.lang.String,java.lang.String)]]>
              </value>
            </param>
          </params>
          <reporter-output>
          </reporter-output>
        </test-method> <!-- beforeMethod_Setup -->
        <test-method is-config="true" signature="afterMethod_teardown(org.testng.ITestResult)[pri:0, instance:com.in2it.cats_itsm.testscript.LoginTestScript@7ce69770]" started-at="2024-08-18T17:50:32 IST" name="afterMethod_teardown" finished-at="2024-08-18T17:50:32 IST" duration-ms="18" status="PASS">
          <params>
            <param index="0">
              <value>
                <![CDATA[[TestResult name=verifyLogin status=SUCCESS method=LoginTestScript.verifyLogin(java.lang.String,java.lang.String,java.lang.String)[pri:2, instance:com.in2it.cats_itsm.testscript.LoginTestScript@7ce69770] output={null}]]]>
              </value>
            </param>
          </params>
          <reporter-output>
          </reporter-output>
        </test-method> <!-- afterMethod_teardown -->
        <test-method signature="verifyLogin(java.lang.String,java.lang.String,java.lang.String)[pri:2, instance:com.in2it.cats_itsm.testscript.LoginTestScript@7ce69770]" started-at="2024-08-18T17:50:32 IST" name="verifyLogin" data-provider="Data" finished-at="2024-08-18T17:50:34 IST" duration-ms="1896" status="PASS">
          <params>
            <param index="0">
              <value>
                <![CDATA[gaurav]]>
              </value>
            </param>
            <param index="1">
              <value>
                <![CDATA[Ajeet@2024]]>
              </value>
            </param>
            <param index="2">
              <value>
                <![CDATA[invalid]]>
              </value>
            </param>
          </params>
          <reporter-output>
          </reporter-output>
        </test-method> <!-- verifyLogin -->
        <test-method is-config="true" signature="beforeMethod_Setup(java.lang.reflect.Method)[pri:0, instance:com.in2it.cats_itsm.testscript.LoginTestScript@7ce69770]" started-at="2024-08-18T17:50:32 IST" name="beforeMethod_Setup" finished-at="2024-08-18T17:50:32 IST" duration-ms="0" status="PASS">
          <params>
            <param index="0">
              <value>
                <![CDATA[public void com.in2it.cats_itsm.testscript.LoginTestScript.verifyLogin(java.lang.String,java.lang.String,java.lang.String)]]>
              </value>
            </param>
          </params>
          <reporter-output>
          </reporter-output>
        </test-method> <!-- beforeMethod_Setup -->
        <test-method is-config="true" signature="afterMethod_teardown(org.testng.ITestResult)[pri:0, instance:com.in2it.cats_itsm.testscript.LoginTestScript@7ce69770]" started-at="2024-08-18T17:50:34 IST" name="afterMethod_teardown" finished-at="2024-08-18T17:50:34 IST" duration-ms="30" status="PASS">
          <params>
            <param index="0">
              <value>
                <![CDATA[[TestResult name=verifyLogin status=SUCCESS method=LoginTestScript.verifyLogin(java.lang.String,java.lang.String,java.lang.String)[pri:2, instance:com.in2it.cats_itsm.testscript.LoginTestScript@7ce69770] output={null}]]]>
              </value>
            </param>
          </params>
          <reporter-output>
          </reporter-output>
        </test-method> <!-- afterMethod_teardown -->
        <test-method signature="verifyLogin(java.lang.String,java.lang.String,java.lang.String)[pri:2, instance:com.in2it.cats_itsm.testscript.LoginTestScript@7ce69770]" started-at="2024-08-18T17:50:34 IST" name="verifyLogin" data-provider="Data" finished-at="2024-08-18T17:51:05 IST" duration-ms="31845" status="FAIL">
          <params>
            <param index="0">
              <value>
                <![CDATA[]]>
              </value>
            </param>
            <param index="1">
              <value>
                <![CDATA[]]>
              </value>
            </param>
            <param index="2">
              <value>
                <![CDATA[invalid]]>
              </value>
            </param>
          </params>
          <exception class="org.openqa.selenium.NoSuchElementException">
            <message>
              <![CDATA[no such element: Unable to locate element: {"method":"xpath","selector":"//p[@class='hilite']"}
  (Session info: chrome=127.0.6533.120)
For documentation on this error, please visit: https://www.selenium.dev/documentation/webdriver/troubleshooting/errors#no-such-element-exception
Build info: version: '4.22.0', revision: 'c5f3146703*'
System info: os.name: 'Windows 11', os.arch: 'amd64', os.version: '10.0', java.version: '22.0.1'
Driver info: org.openqa.selenium.chrome.ChromeDriver
Command: [7aa422fdfb27ed0ea9ed33cd25d8b42a, findElement {value=//p[@class='hilite'], using=xpath}]
Capabilities {acceptInsecureCerts: false, browserName: chrome, browserVersion: 127.0.6533.120, chrome: {chromedriverVersion: 127.0.6533.119 (bdef6783a05..., userDataDir: C:\Users\AJEET~1.YAD\AppDat...}, fedcm:accounts: true, goog:chromeOptions: {debuggerAddress: localhost:60820}, networkConnectionEnabled: false, pageLoadStrategy: normal, platformName: windows, proxy: Proxy(), se:cdp: ws://localhost:60820/devtoo..., se:cdpVersion: 127.0.6533.120, setWindowRect: true, strictFileInteractability: false, timeouts: {implicit: 0, pageLoad: 300000, script: 30000}, unhandledPromptBehavior: dismiss and notify, webauthn:extension:credBlob: true, webauthn:extension:largeBlob: true, webauthn:extension:minPinLength: true, webauthn:extension:prf: true, webauthn:virtualAuthenticators: true}
Session ID: 7aa422fdfb27ed0ea9ed33cd25d8b42a]]>
            </message>
            <full-stacktrace>
              <![CDATA[org.openqa.selenium.NoSuchElementException: no such element: Unable to locate element: {"method":"xpath","selector":"//p[@class='hilite']"}
  (Session info: chrome=127.0.6533.120)
For documentation on this error, please visit: https://www.selenium.dev/documentation/webdriver/troubleshooting/errors#no-such-element-exception
Build info: version: '4.22.0', revision: 'c5f3146703*'
System info: os.name: 'Windows 11', os.arch: 'amd64', os.version: '10.0', java.version: '22.0.1'
Driver info: org.openqa.selenium.chrome.ChromeDriver
Command: [7aa422fdfb27ed0ea9ed33cd25d8b42a, findElement {value=//p[@class='hilite'], using=xpath}]
Capabilities {acceptInsecureCerts: false, browserName: chrome, browserVersion: 127.0.6533.120, chrome: {chromedriverVersion: 127.0.6533.119 (bdef6783a05..., userDataDir: C:\Users\AJEET~1.YAD\AppDat...}, fedcm:accounts: true, goog:chromeOptions: {debuggerAddress: localhost:60820}, networkConnectionEnabled: false, pageLoadStrategy: normal, platformName: windows, proxy: Proxy(), se:cdp: ws://localhost:60820/devtoo..., se:cdpVersion: 127.0.6533.120, setWindowRect: true, strictFileInteractability: false, timeouts: {implicit: 0, pageLoad: 300000, script: 30000}, unhandledPromptBehavior: dismiss and notify, webauthn:extension:credBlob: true, webauthn:extension:largeBlob: true, webauthn:extension:minPinLength: true, webauthn:extension:prf: true, webauthn:virtualAuthenticators: true}
Session ID: 7aa422fdfb27ed0ea9ed33cd25d8b42a
at java.base/jdk.internal.reflect.DirectConstructorHandleAccessor.newInstance(DirectConstructorHandleAccessor.java:62)
at java.base/java.lang.reflect.Constructor.newInstanceWithCaller(Constructor.java:502)
at java.base/java.lang.reflect.Constructor.newInstance(Constructor.java:486)
at org.openqa.selenium.remote.ErrorCodec.decode(ErrorCodec.java:167)
at org.openqa.selenium.remote.codec.w3c.W3CHttpResponseCodec.decode(W3CHttpResponseCodec.java:138)
at org.openqa.selenium.remote.codec.w3c.W3CHttpResponseCodec.decode(W3CHttpResponseCodec.java:50)
at org.openqa.selenium.remote.HttpCommandExecutor.execute(HttpCommandExecutor.java:190)
at org.openqa.selenium.remote.service.DriverCommandExecutor.invokeExecute(DriverCommandExecutor.java:216)
at org.openqa.selenium.remote.service.DriverCommandExecutor.execute(DriverCommandExecutor.java:174)
at org.openqa.selenium.remote.RemoteWebDriver.execute(RemoteWebDriver.java:518)
at org.openqa.selenium.remote.ElementLocation$ElementFinder$2.findElement(ElementLocation.java:165)
at org.openqa.selenium.remote.ElementLocation.findElement(ElementLocation.java:59)
at org.openqa.selenium.remote.RemoteWebDriver.findElement(RemoteWebDriver.java:355)
at org.openqa.selenium.remote.RemoteWebDriver.findElement(RemoteWebDriver.java:349)
at org.openqa.selenium.support.pagefactory.DefaultElementLocator.findElement(DefaultElementLocator.java:68)
at org.openqa.selenium.support.pagefactory.internal.LocatingElementHandler.invoke(LocatingElementHandler.java:38)
at jdk.proxy2/jdk.proxy2.$Proxy18.getAccessibleName(Unknown Source)
at com.in2it.cats_itsm.utilities.WebUtil.getText(WebUtil.java:1514)
at com.in2it.cats_itsm.utilities.WebUtil.verifyInnerText(WebUtil.java:1673)
at com.in2it.cats_itsm.testscript.LoginTestScript.verifyLogin(LoginTestScript.java:43)
at java.base/jdk.internal.reflect.DirectMethodHandleAccessor.invoke(DirectMethodHandleAccessor.java:103)
at java.base/java.lang.reflect.Method.invoke(Method.java:580)
at org.testng.internal.invokers.MethodInvocationHelper.invokeMethod(MethodInvocationHelper.java:139)
at org.testng.internal.invokers.TestInvoker.invokeMethod(TestInvoker.java:664)
at org.testng.internal.invokers.TestInvoker.invokeTestMethod(TestInvoker.java:228)
at org.testng.internal.invokers.MethodRunner.runInSequence(MethodRunner.java:63)
at org.testng.internal.invokers.TestInvoker$MethodInvocationAgent.invoke(TestInvoker.java:961)
at org.testng.internal.invokers.TestInvoker.invokeTestMethods(TestInvoker.java:201)
at org.testng.internal.invokers.TestMethodWorker.invokeTestMethods(TestMethodWorker.java:148)
at org.testng.internal.invokers.TestMethodWorker.run(TestMethodWorker.java:128)
at java.base/java.util.ArrayList.forEach(ArrayList.java:1597)
at org.testng.TestRunner.privateRun(TestRunner.java:819)
at org.testng.TestRunner.run(TestRunner.java:619)
at org.testng.SuiteRunner.runTest(SuiteRunner.java:443)
at org.testng.SuiteRunner.runSequentially(SuiteRunner.java:437)
at org.testng.SuiteRunner.privateRun(SuiteRunner.java:397)
at org.testng.SuiteRunner.run(SuiteRunner.java:336)
at org.testng.SuiteRunnerWorker.runSuite(SuiteRunnerWorker.java:52)
at org.testng.SuiteRunnerWorker.run(SuiteRunnerWorker.java:95)
at org.testng.TestNG.runSuitesSequentially(TestNG.java:1301)
at org.testng.TestNG.runSuitesLocally(TestNG.java:1228)
at org.testng.TestNG.runSuites(TestNG.java:1134)
at org.testng.TestNG.run(TestNG.java:1101)
at org.testng.remote.AbstractRemoteTestNG.run(AbstractRemoteTestNG.java:115)
at org.testng.remote.RemoteTestNG.initAndRun(RemoteTestNG.java:293)
at org.testng.remote.RemoteTestNG.main(RemoteTestNG.java:91)
]]>
            </full-stacktrace>
          </exception> <!-- org.openqa.selenium.NoSuchElementException -->
          <reporter-output>
          </reporter-output>
        </test-method> <!-- verifyLogin -->
        <test-method is-config="true" signature="beforeMethod_Setup(java.lang.reflect.Method)[pri:0, instance:com.in2it.cats_itsm.testscript.LoginTestScript@7ce69770]" started-at="2024-08-18T17:50:34 IST" name="beforeMethod_Setup" finished-at="2024-08-18T17:50:34 IST" duration-ms="0" status="PASS">
          <params>
            <param index="0">
              <value>
                <![CDATA[public void com.in2it.cats_itsm.testscript.LoginTestScript.verifyLogin(java.lang.String,java.lang.String,java.lang.String)]]>
              </value>
            </param>
          </params>
          <reporter-output>
          </reporter-output>
        </test-method> <!-- beforeMethod_Setup -->
        <test-method is-config="true" signature="afterMethod_teardown(org.testng.ITestResult)[pri:0, instance:com.in2it.cats_itsm.testscript.LoginTestScript@7ce69770]" started-at="2024-08-18T17:51:05 IST" name="afterMethod_teardown" finished-at="2024-08-18T17:51:05 IST" duration-ms="83" status="PASS">
          <params>
            <param index="0">
              <value>
                <![CDATA[[TestResult name=verifyLogin status=FAILURE method=LoginTestScript.verifyLogin(java.lang.String,java.lang.String,java.lang.String)[pri:2, instance:com.in2it.cats_itsm.testscript.LoginTestScript@7ce69770] output={null}]]]>
              </value>
            </param>
          </params>
          <reporter-output>
          </reporter-output>
        </test-method> <!-- afterMethod_teardown -->
        <test-method signature="verifyLogin(java.lang.String,java.lang.String,java.lang.String)[pri:2, instance:com.in2it.cats_itsm.testscript.LoginTestScript@7ce69770]" started-at="2024-08-18T17:51:05 IST" name="verifyLogin" data-provider="Data" finished-at="2024-08-18T17:51:18 IST" duration-ms="12960" status="PASS">
          <params>
            <param index="0">
              <value>
                <![CDATA[admin]]>
              </value>
            </param>
            <param index="1">
              <value>
                <![CDATA[Admin@2024]]>
              </value>
            </param>
            <param index="2">
              <value>
                <![CDATA[valid]]>
              </value>
            </param>
          </params>
          <reporter-output>
          </reporter-output>
        </test-method> <!-- verifyLogin -->
        <test-method is-config="true" signature="beforeMethod_Setup(java.lang.reflect.Method)[pri:0, instance:com.in2it.cats_itsm.testscript.LoginTestScript@7ce69770]" started-at="2024-08-18T17:51:05 IST" name="beforeMethod_Setup" finished-at="2024-08-18T17:51:05 IST" duration-ms="0" status="PASS">
          <params>
            <param index="0">
              <value>
                <![CDATA[public void com.in2it.cats_itsm.testscript.LoginTestScript.verifyLogin(java.lang.String,java.lang.String,java.lang.String)]]>
              </value>
            </param>
          </params>
          <reporter-output>
          </reporter-output>
        </test-method> <!-- beforeMethod_Setup -->
        <test-method is-config="true" signature="afterMethod_teardown(org.testng.ITestResult)[pri:0, instance:com.in2it.cats_itsm.testscript.LoginTestScript@7ce69770]" started-at="2024-08-18T17:51:18 IST" name="afterMethod_teardown" finished-at="2024-08-18T17:51:19 IST" duration-ms="67" status="PASS">
          <params>
            <param index="0">
              <value>
                <![CDATA[[TestResult name=verifyLogin status=SUCCESS method=LoginTestScript.verifyLogin(java.lang.String,java.lang.String,java.lang.String)[pri:2, instance:com.in2it.cats_itsm.testscript.LoginTestScript@7ce69770] output={null}]]]>
              </value>
            </param>
          </params>
          <reporter-output>
          </reporter-output>
        </test-method> <!-- afterMethod_teardown -->
        <test-method is-config="true" signature="teardown()[pri:0, instance:com.in2it.cats_itsm.testscript.LoginTestScript@7ce69770]" started-at="2024-08-18T17:51:19 IST" name="teardown" finished-at="2024-08-18T17:51:21 IST" duration-ms="2925" status="PASS">
          <reporter-output>
          </reporter-output>
        </test-method> <!-- teardown -->
        <test-method is-config="true" signature="afterSuite()[pri:0, instance:com.in2it.cats_itsm.testscript.LoginTestScript@7ce69770]" started-at="2024-08-18T17:51:22 IST" name="afterSuite" finished-at="2024-08-18T17:51:22 IST" duration-ms="16" status="PASS">
          <reporter-output>
          </reporter-output>
        </test-method> <!-- afterSuite -->
      </class> <!-- com.in2it.cats_itsm.testscript.LoginTestScript -->
    </test> <!-- Default test -->
  </suite> <!-- Default suite -->
</testng-results>
